Arguments: 
  /usr/local/bin/node /usr/local/bin/yarn add -D @types/node @types/express nodemon ts-node

PATH: 
  /usr/local/bin:/usr/bin:/bin:/usr/sbin:/sbin:/usr/local/share/dotnet:~/.dotnet/tools:/Library/Frameworks/Mono.framework/Versions/Current/Commands:/Applications/Xamarin Workbooks.app/Contents/SharedSupport/path-bin:/usr/local/mysql/bin/:/usr/local/mysql/bin/

Yarn version: 
  1.22.4

Node version: 
  13.7.0

Platform: 
  darwin x64

Trace: 
  Error: EACCES: permission denied, unlink '/Users/naveenpareek/Documents/fooddelivery/backend/node_modules/.yarn-integrity'

npm manifest: 
  {
    "name": "pavaniban",
    "version": "1.0.0",
    "description": "pavani i lov",
    "main": "index.js",
    "scripts": {
      "test": "echo \"Error: no test specified\" && exit 1"
    },
    "author": "AR.PP",
    "license": "ISC",
    "devDependencies": {
      "typescript": "^3.9.6"
    }
  }

yarn manifest: 
  No manifest

Lockfile: 
  # THIS IS AN AUTOGENERATED FILE. DO NOT EDIT THIS FILE DIRECTLY.
  # yarn lockfile v1
  
  
  typescript@^3.9.6:
    version "3.9.6"
    resolved "https://registry.yarnpkg.com/typescript/-/typescript-3.9.6.tgz#8f3e0198a34c3ae17091b35571d3afd31999365a"
    integrity sha512-Pspx3oKAPJtjNwE92YS05HQoY7z2SFyOpHo9MqJor3BXAGNaPUs83CuVp9VISFkSjyRfiTpmKuAYGJB7S7hOxw==
